c:\users\pablo\projetos\hellotextures - stb - tiles\hellotriangle\debug\vc141.pdb
c:\users\pablo\projetos\hellotextures - stb - tiles\hellotriangle\debug\vc141.idb
c:\users\pablo\projetos\hellotextures - stb - tiles\hellotriangle\debug\glad.obj
c:\users\pablo\projetos\hellotextures - stb - tiles\hellotriangle\debug\stb_image.obj
c:\users\pablo\projetos\hellotextures - stb - tiles\hellotriangle\debug\source.obj
c:\users\pablo\projetos\hellotextures - stb - tiles\hellotriangle\debug\scenemanager.obj
c:\users\pablo\projetos\newtiles\tiles\hellotriangle\debug\vc141.pdb
c:\users\pablo\projetos\newtiles\tiles\hellotriangle\debug\vc141.idb
c:\users\pablo\projetos\newtiles\tiles\hellotriangle\debug\glad.obj
c:\users\pablo\projetos\newtiles\tiles\hellotriangle\debug\stb_image.obj
c:\users\pablo\projetos\newtiles\tiles\hellotriangle\debug\source.obj
c:\users\pablo\projetos\newtiles\tiles\hellotriangle\debug\scenemanager.obj
c:\users\pablo\projetos\hellotextures - stb - tiles\debug\transforms.exe
c:\users\pablo\projetos\hellotextures - stb - tiles\debug\transforms.ilk
c:\users\pablo\projetos\hellotextures - stb - tiles\debug\transforms.pdb
c:\users\pablo\projetos\newtiles\tiles\debug\transforms.exe
c:\users\pablo\projetos\newtiles\tiles\debug\transforms.ilk
c:\users\pablo\projetos\newtiles\tiles\debug\transforms.pdb
c:\users\pablo\projetos\newtiles\tiles\hellotriangle\debug\vc140.idb
c:\users\pablo\projetos\newtiles\tiles\hellotriangle\debug\vc140.pdb
c:\users\pablo\projetos\newtiles\tiles\hellotriangle\debug\transforms.tlog\cl.command.1.tlog
c:\users\pablo\projetos\newtiles\tiles\hellotriangle\debug\transforms.tlog\cl.read.1.tlog
c:\users\pablo\projetos\newtiles\tiles\hellotriangle\debug\transforms.tlog\cl.write.1.tlog
c:\users\pablo\projetos\newtiles\tiles\hellotriangle\debug\transforms.tlog\link.command.1.tlog
c:\users\pablo\projetos\newtiles\tiles\hellotriangle\debug\transforms.tlog\link.read.1.tlog
c:\users\pablo\projetos\newtiles\tiles\hellotriangle\debug\transforms.tlog\link.write.1.tlog
